<?xml version="1.0" encoding="utf-8"?><testsuites><testsuite name="pytest" errors="0" failures="0" skipped="0" tests="3" time="38.827" timestamp="2023-12-14T18:30:46.851325" hostname="DESKTOP-KA2FGMF"><testcase classname="test_HomePage.TestHomePage" name="test_formSubmission[getData0]" time="14.890" /><testcase classname="test_HomePage.TestHomePage" name="test_formSubmission[getData1]" time="2.608" /><testcase classname="test_e2e.TestOne" name="test_e2e" time="21.047" /></testsuite></testsuites>